Determining if the pthread_create exist failed with the following output:
Change Dir: /home/amogh/rosws2/build/art_common/CMakeFiles/CMakeTmp

Run Build Command:/usr/bin/make "cmTryCompileExec3646991878/fast"
/usr/bin/make -f CMakeFiles/cmTryCompileExec3646991878.dir/build.make CMakeFiles/cmTryCompileExec3646991878.dir/build
make[1]: Entering directory `/home/amogh/rosws2/build/art_common/CMakeFiles/CMakeTmp'
/usr/bin/cmake -E cmake_progress_report /home/amogh/rosws2/build/art_common/CMakeFiles/CMakeTmp/CMakeFiles 1
Building C object CMakeFiles/cmTryCompileExec3646991878.dir/CheckSymbolExists.c.o
/usr/bin/cc    -o CMakeFiles/cmTryCompileExec3646991878.dir/CheckSymbolExists.c.o   -c /home/amogh/rosws2/build/art_common/CMakeFiles/CMakeTmp/CheckSymbolExists.c
Linking C executable cmTryCompileExec3646991878
/usr/bin/cmake -E cmake_link_script CMakeFiles/cmTryCompileExec3646991878.dir/link.txt --verbose=1
/usr/bin/cc       CMakeFiles/cmTryCompileExec3646991878.dir/CheckSymbolExists.c.o  -o cmTryCompileExec3646991878 -rdynamic 
CMakeFiles/cmTryCompileExec3646991878.dir/CheckSymbolExists.c.o: In function `main':
CheckSymbolExists.c:(.text+0x16): undefined reference to `pthread_create'
collect2: error: ld returned 1 exit status
make[1]: *** [cmTryCompileExec3646991878] Error 1
make[1]: Leaving directory `/home/amogh/rosws2/build/art_common/CMakeFiles/CMakeTmp'
make: *** [cmTryCompileExec3646991878/fast] Error 2

File /home/amogh/rosws2/build/art_common/CMakeFiles/CMakeTmp/CheckSymbolExists.c:
/* */
#include <pthread.h>

int main(int argc, char** argv)
{
  (void)argv;
#ifndef pthread_create
  return ((int*)(&pthread_create))[argc];
#else
  (void)argc;
  return 0;
#endif
}

Determining if the function pthread_create exists in the pthreads failed with the following output:
Change Dir: /home/amogh/rosws2/build/art_common/CMakeFiles/CMakeTmp

Run Build Command:/usr/bin/make "cmTryCompileExec1760854011/fast"
/usr/bin/make -f CMakeFiles/cmTryCompileExec1760854011.dir/build.make CMakeFiles/cmTryCompileExec1760854011.dir/build
make[1]: Entering directory `/home/amogh/rosws2/build/art_common/CMakeFiles/CMakeTmp'
/usr/bin/cmake -E cmake_progress_report /home/amogh/rosws2/build/art_common/CMakeFiles/CMakeTmp/CMakeFiles 1
Building C object CMakeFiles/cmTryCompileExec1760854011.dir/CheckFunctionExists.c.o
/usr/bin/cc   -DCHECK_FUNCTION_EXISTS=pthread_create   -o CMakeFiles/cmTryCompileExec1760854011.dir/CheckFunctionExists.c.o   -c /usr/share/cmake-2.8/Modules/CheckFunctionExists.c
Linking C executable cmTryCompileExec1760854011
/usr/bin/cmake -E cmake_link_script CMakeFiles/cmTryCompileExec1760854011.dir/link.txt --verbose=1
/usr/bin/cc   -DCHECK_FUNCTION_EXISTS=pthread_create    CMakeFiles/cmTryCompileExec1760854011.dir/CheckFunctionExists.c.o  -o cmTryCompileExec1760854011 -rdynamic -lpthreads 
/usr/bin/ld: cannot find -lpthreads
collect2: error: ld returned 1 exit status
make[1]: *** [cmTryCompileExec1760854011] Error 1
make[1]: Leaving directory `/home/amogh/rosws2/build/art_common/CMakeFiles/CMakeTmp'
make: *** [cmTryCompileExec1760854011/fast] Error 2


