Determining if the pthread_create exist failed with the following output:
Change Dir: /home/amogh/rosws2/build/art_msgs/CMakeFiles/CMakeTmp

Run Build Command:/usr/bin/make "cmTryCompileExec193777022/fast"
/usr/bin/make -f CMakeFiles/cmTryCompileExec193777022.dir/build.make CMakeFiles/cmTryCompileExec193777022.dir/build
make[1]: Entering directory `/home/amogh/rosws2/build/art_msgs/CMakeFiles/CMakeTmp'
/usr/bin/cmake -E cmake_progress_report /home/amogh/rosws2/build/art_msgs/CMakeFiles/CMakeTmp/CMakeFiles 1
Building C object CMakeFiles/cmTryCompileExec193777022.dir/CheckSymbolExists.c.o
/usr/bin/cc    -o CMakeFiles/cmTryCompileExec193777022.dir/CheckSymbolExists.c.o   -c /home/amogh/rosws2/build/art_msgs/CMakeFiles/CMakeTmp/CheckSymbolExists.c
Linking C executable cmTryCompileExec193777022
/usr/bin/cmake -E cmake_link_script CMakeFiles/cmTryCompileExec193777022.dir/link.txt --verbose=1
/usr/bin/cc       CMakeFiles/cmTryCompileExec193777022.dir/CheckSymbolExists.c.o  -o cmTryCompileExec193777022 -rdynamic 
CMakeFiles/cmTryCompileExec193777022.dir/CheckSymbolExists.c.o: In function `main':
CheckSymbolExists.c:(.text+0x16): undefined reference to `pthread_create'
collect2: error: ld returned 1 exit status
make[1]: *** [cmTryCompileExec193777022] Error 1
make[1]: Leaving directory `/home/amogh/rosws2/build/art_msgs/CMakeFiles/CMakeTmp'
make: *** [cmTryCompileExec193777022/fast] Error 2

File /home/amogh/rosws2/build/art_msgs/CMakeFiles/CMakeTmp/CheckSymbolExists.c:
/* */
#include <pthread.h>

int main(int argc, char** argv)
{
  (void)argv;
#ifndef pthread_create
  return ((int*)(&pthread_create))[argc];
#else
  (void)argc;
  return 0;
#endif
}

Determining if the function pthread_create exists in the pthreads failed with the following output:
Change Dir: /home/amogh/rosws2/build/art_msgs/CMakeFiles/CMakeTmp

Run Build Command:/usr/bin/make "cmTryCompileExec4106991637/fast"
/usr/bin/make -f CMakeFiles/cmTryCompileExec4106991637.dir/build.make CMakeFiles/cmTryCompileExec4106991637.dir/build
make[1]: Entering directory `/home/amogh/rosws2/build/art_msgs/CMakeFiles/CMakeTmp'
/usr/bin/cmake -E cmake_progress_report /home/amogh/rosws2/build/art_msgs/CMakeFiles/CMakeTmp/CMakeFiles 1
Building C object CMakeFiles/cmTryCompileExec4106991637.dir/CheckFunctionExists.c.o
/usr/bin/cc   -DCHECK_FUNCTION_EXISTS=pthread_create   -o CMakeFiles/cmTryCompileExec4106991637.dir/CheckFunctionExists.c.o   -c /usr/share/cmake-2.8/Modules/CheckFunctionExists.c
Linking C executable cmTryCompileExec4106991637
/usr/bin/cmake -E cmake_link_script CMakeFiles/cmTryCompileExec4106991637.dir/link.txt --verbose=1
/usr/bin/cc   -DCHECK_FUNCTION_EXISTS=pthread_create    CMakeFiles/cmTryCompileExec4106991637.dir/CheckFunctionExists.c.o  -o cmTryCompileExec4106991637 -rdynamic -lpthreads 
/usr/bin/ld: cannot find -lpthreads
collect2: error: ld returned 1 exit status
make[1]: *** [cmTryCompileExec4106991637] Error 1
make[1]: Leaving directory `/home/amogh/rosws2/build/art_msgs/CMakeFiles/CMakeTmp'
make: *** [cmTryCompileExec4106991637/fast] Error 2


