Determining if the pthread_create exist failed with the following output:
Change Dir: /home/amogh/rosws2/build/art_map/CMakeFiles/CMakeTmp

Run Build Command:/usr/bin/make "cmTryCompileExec3430632026/fast"
/usr/bin/make -f CMakeFiles/cmTryCompileExec3430632026.dir/build.make CMakeFiles/cmTryCompileExec3430632026.dir/build
make[1]: Entering directory `/home/amogh/rosws2/build/art_map/CMakeFiles/CMakeTmp'
/usr/bin/cmake -E cmake_progress_report /home/amogh/rosws2/build/art_map/CMakeFiles/CMakeTmp/CMakeFiles 1
Building C object CMakeFiles/cmTryCompileExec3430632026.dir/CheckSymbolExists.c.o
/usr/bin/cc    -o CMakeFiles/cmTryCompileExec3430632026.dir/CheckSymbolExists.c.o   -c /home/amogh/rosws2/build/art_map/CMakeFiles/CMakeTmp/CheckSymbolExists.c
Linking C executable cmTryCompileExec3430632026
/usr/bin/cmake -E cmake_link_script CMakeFiles/cmTryCompileExec3430632026.dir/link.txt --verbose=1
/usr/bin/cc       CMakeFiles/cmTryCompileExec3430632026.dir/CheckSymbolExists.c.o  -o cmTryCompileExec3430632026 -rdynamic 
CMakeFiles/cmTryCompileExec3430632026.dir/CheckSymbolExists.c.o: In function `main':
CheckSymbolExists.c:(.text+0x16): undefined reference to `pthread_create'
collect2: error: ld returned 1 exit status
make[1]: *** [cmTryCompileExec3430632026] Error 1
make[1]: Leaving directory `/home/amogh/rosws2/build/art_map/CMakeFiles/CMakeTmp'
make: *** [cmTryCompileExec3430632026/fast] Error 2

File /home/amogh/rosws2/build/art_map/CMakeFiles/CMakeTmp/CheckSymbolExists.c:
/* */
#include <pthread.h>

int main(int argc, char** argv)
{
  (void)argv;
#ifndef pthread_create
  return ((int*)(&pthread_create))[argc];
#else
  (void)argc;
  return 0;
#endif
}

Determining if the function pthread_create exists in the pthreads failed with the following output:
Change Dir: /home/amogh/rosws2/build/art_map/CMakeFiles/CMakeTmp

Run Build Command:/usr/bin/make "cmTryCompileExec530797050/fast"
/usr/bin/make -f CMakeFiles/cmTryCompileExec530797050.dir/build.make CMakeFiles/cmTryCompileExec530797050.dir/build
make[1]: Entering directory `/home/amogh/rosws2/build/art_map/CMakeFiles/CMakeTmp'
/usr/bin/cmake -E cmake_progress_report /home/amogh/rosws2/build/art_map/CMakeFiles/CMakeTmp/CMakeFiles 1
Building C object CMakeFiles/cmTryCompileExec530797050.dir/CheckFunctionExists.c.o
/usr/bin/cc   -DCHECK_FUNCTION_EXISTS=pthread_create   -o CMakeFiles/cmTryCompileExec530797050.dir/CheckFunctionExists.c.o   -c /usr/share/cmake-2.8/Modules/CheckFunctionExists.c
Linking C executable cmTryCompileExec530797050
/usr/bin/cmake -E cmake_link_script CMakeFiles/cmTryCompileExec530797050.dir/link.txt --verbose=1
/usr/bin/cc   -DCHECK_FUNCTION_EXISTS=pthread_create    CMakeFiles/cmTryCompileExec530797050.dir/CheckFunctionExists.c.o  -o cmTryCompileExec530797050 -rdynamic -lpthreads 
/usr/bin/ld: cannot find -lpthreads
collect2: error: ld returned 1 exit status
make[1]: *** [cmTryCompileExec530797050] Error 1
make[1]: Leaving directory `/home/amogh/rosws2/build/art_map/CMakeFiles/CMakeTmp'
make: *** [cmTryCompileExec530797050/fast] Error 2


